[2024-05-28T23:04:07.248314 INFO  ezkl::pfsys] proof took 8.566
[2024-05-28T23:04:07.248391 INFO  ezkl_worker] EZKL proof success, verified_models: 1  elapsed time: 8.711008834s ✅
[2024-05-28T23:04:12.900348 INFO  ezkl_worker] Generating input file: ProveQuery { model: [0], inputs: [-0.3367333979146827, 0.6298721362647295, -0.07219390757178101, -0.06458135109190843, -0.7423325926995081] }
[2024-05-28T23:04:13.049401 INFO  ezkl::pfsys] proof started...
[2024-05-28T23:04:13.067223 INFO  ezkl::graph::model] model layout...
[2024-05-28T23:04:21.604094 INFO  ezkl::pfsys] proof took 8.554
[2024-05-28T23:04:21.604202 INFO  ezkl_worker] EZKL proof success, verified_models: 1  elapsed time: 8.703716459s ✅
[2024-05-28T23:04:39.740527 INFO  actix_server::server] SIGINT received; starting forced shutdown
[2024-05-28T23:04:39.741044 INFO  actix_server::worker] shutting down idle worker
[2024-05-28T23:04:39.741104 INFO  actix_server::worker] shutting down idle worker
[2024-05-28T23:04:39.741275 INFO  actix_server::worker] shutting down idle worker
[2024-05-28T23:04:39.741411 INFO  actix_server::worker] shutting down idle worker
[2024-05-28T23:04:39.741524 INFO  actix_server::worker] shutting down idle worker
[2024-05-28T23:04:39.741616 INFO  actix_server::worker] shutting down idle worker
[2024-05-28T23:04:39.741717 INFO  actix_server::worker] shutting down idle worker
[2024-05-28T23:04:39.741801 INFO  actix_server::worker] shutting down idle worker
[2024-05-28T23:04:39.741885 INFO  actix_server::accept] accept thread stopped
[2024-05-28T23:06:06.152266 INFO  ezkl::pfsys] loading verification key from "/Users/zhousong/Downloads/ezkl/deployment_layer/model_0/vk.key"
[2024-05-28T23:06:06.163815 INFO  ezkl::pfsys] done loading verification key ✅
[2024-05-28T23:06:06.163842 INFO  ezkl::pfsys] loading proving key from "/Users/zhousong/Downloads/ezkl/deployment_layer/model_0/pk.key"
[2024-05-28T23:06:06.659698 INFO  ezkl::pfsys] done loading proving key ✅
[2024-05-28T23:06:06.659755 INFO  ezkl::pfsys::srs] loading srs from "/Users/zhousong/Downloads/ezkl/deployment_layer/model_0/kzg.srs"
[2024-05-28T23:06:06.674585 INFO  ezkl::execute] downsizing params to 17 logrows
[2024-05-28T23:06:06.674824 INFO  actix_server::builder] starting 8 workers
[2024-05-28T23:06:06.674860 INFO  actix_server::server] Actix runtime found; starting in Actix runtime
[2024-05-28T23:06:10.340979 INFO  ezkl_worker] Generating input file: ProveQuery { model: [0], inputs: [-0.3367333979146827, 0.6298721362647295, -0.07219390757178101, -0.06458135109190843, -0.7423325926995081] }
[2024-05-28T23:06:10.899789 INFO  ezkl::pfsys] proof started...
[2024-05-28T23:06:10.918577 INFO  ezkl::graph::model] model layout...
[2024-05-28T23:06:19.645172 INFO  ezkl::pfsys] proof took 8.744
[2024-05-28T23:06:19.645347 INFO  ezkl_worker] EZKL proof success, verified_models: 1  elapsed time: 9.303365042s ✅
[2024-05-28T23:06:24.310477 INFO  ezkl_worker] Generating input file: ProveQuery { model: [0], inputs: [-0.3367333979146827, 0.6298721362647295, -0.07219390757178101, -0.06458135109190843, -0.7423325926995081] }
[2024-05-28T23:06:24.567786 INFO  ezkl::pfsys] proof started...
[2024-05-28T23:06:24.584830 INFO  ezkl::graph::model] model layout...
[2024-05-28T23:06:33.298428 INFO  ezkl::pfsys] proof took 8.730
[2024-05-28T23:06:33.298495 INFO  ezkl_worker] EZKL proof success, verified_models: 1  elapsed time: 8.987909334s ✅
[2024-05-28T23:06:47.119251 INFO  ezkl_worker] Generating input file: ProveQuery { model: [0], inputs: [-0.3367333979146827, 0.6298721362647295, -0.07219390757178101, -0.06458135109190843, -0.7423325926995081] }
[2024-05-28T23:06:47.383487 INFO  ezkl::pfsys] proof started...
[2024-05-28T23:06:47.509065 INFO  ezkl::graph::model] model layout...
[2024-05-28T23:06:56.242716 INFO  ezkl::pfsys] proof took 8.858
[2024-05-28T23:06:56.242856 INFO  ezkl_worker] EZKL proof success, verified_models: 1  elapsed time: 9.123322083s ✅
